<?xml version="1.0" encoding="UTF-8"?>
<!-- Generated by org.testng.reporters.JUnitXMLReporter -->
<testsuite ignored="0" hostname="DESKTOP-B8R4OMO" failures="1" tests="5" name="Test edge" time="131.008" errors="0" timestamp="2022-12-07T09:49:52 IST">
  <testcase classname="com.qa.testscripts.Amazonsearch" name="test_001" time="6.288"/>
  <testcase classname="com.qa.testscripts.Amazonsearch" name="test_001" time="6.662"/>
  <testcase classname="com.qa.testscripts.Amazonsearch" name="test_001" time="37.916"/>
  <testcase classname="com.qa.testscripts.Amazonsearch" name="test_001" time="8.5"/>
  <testcase classname="com.qa.testscripts.Amazonsearch" name="test_001" time="0.547">
    <failure type="org.openqa.selenium.NoSuchElementException" message="Cannot locate element with text: Mens
For documentation on this error, please visit: https://www.seleniumhq.org/exceptions/no_such_element.html
Build info: version: &amp;apos;3.141.59&amp;apos;, revision: &amp;apos;e82be7d358&amp;apos;, time: &amp;apos;2018-11-14T08:17:03&amp;apos;
System info: host: &amp;apos;DESKTOP-B8R4OMO&amp;apos;, ip: &amp;apos;192.168.80.1&amp;apos;, os.name: &amp;apos;Windows 10&amp;apos;, os.arch: &amp;apos;amd64&amp;apos;, os.version: &amp;apos;10.0&amp;apos;, java.version: &amp;apos;18.0.1&amp;apos;
Driver info: driver.version: unknown">
      <![CDATA[org.openqa.selenium.NoSuchElementException: Cannot locate element with text: Mens
For documentation on this error, please visit: https://www.seleniumhq.org/exceptions/no_such_element.html
Build info: version: '3.141.59', revision: 'e82be7d358', time: '2018-11-14T08:17:03'
System info: host: 'DESKTOP-B8R4OMO', ip: '192.168.80.1', os.name: 'Windows 10', os.arch: 'amd64', os.version: '10.0', java.version: '18.0.1'
Driver info: driver.version: unknown
at org.openqa.selenium.support.ui.Select.selectByVisibleText(Select.java:147)
at com.qa.testscripts.Amazonsearch.test_001(Amazonsearch.java:44)
at java.base/java.util.concurrent.ThreadPoolExecutor.runWorker(ThreadPoolExecutor.java:1136)
at java.base/java.util.concurrent.ThreadPoolExecutor$Worker.run(ThreadPoolExecutor.java:635)
at java.base/java.lang.Thread.run(Thread.java:833)
... Removed 10 stack frames]]>
    </failure>
  </testcase> <!-- test_001 -->
</testsuite> <!-- Test edge -->
