<?xml version="1.0" encoding="UTF-8"?>
<testng-results ignored="0" total="10" passed="8" failed="2" skipped="0">
  <reporter-output>
  </reporter-output>
  <suite started-at="2022-12-07T09:44:19 IST" name="Suite" finished-at="2022-12-07T09:49:52 IST" duration-ms="333862">
    <groups>
    </groups>
    <test started-at="2022-12-07T09:44:19 IST" name="Test Chrome" finished-at="2022-12-07T09:47:41 IST" duration-ms="202755">
      <class name="com.qa.testscripts.Amazonsearch">
        <test-method is-config="true" signature="setup(java.lang.String,java.lang.String)[pri:0, instance:com.qa.testscripts.Amazonsearch@1de76cc7]" started-at="2022-12-07T09:44:19 IST" name="setup" finished-at="2022-12-07T09:46:45 IST" duration-ms="146147" status="PASS">
          <params>
            <param index="0">
              <value>
                <![CDATA[chrome]]>
              </value>
            </param>
            <param index="1">
              <value>
                <![CDATA[http://www.amazon.in/]]>
              </value>
            </param>
          </params>
          <reporter-output>
          </reporter-output>
        </test-method> <!-- setup -->
        <test-method signature="test_001(java.lang.String,java.lang.String)[pri:0, instance:com.qa.testscripts.Amazonsearch@1de76cc7]" started-at="2022-12-07T09:46:48 IST" name="test_001" data-provider="data" finished-at="2022-12-07T09:46:57 IST" duration-ms="8983" status="PASS">
          <params>
            <param index="0">
              <value>
                <![CDATA[Books]]>
              </value>
            </param>
            <param index="1">
              <value>
                <![CDATA[Da vinci code]]>
              </value>
            </param>
          </params>
          <reporter-output>
          </reporter-output>
        </test-method> <!-- test_001 -->
        <test-method signature="test_001(java.lang.String,java.lang.String)[pri:0, instance:com.qa.testscripts.Amazonsearch@1de76cc7]" started-at="2022-12-07T09:46:57 IST" name="test_001" data-provider="data" finished-at="2022-12-07T09:47:07 IST" duration-ms="9070" status="PASS">
          <params>
            <param index="0">
              <value>
                <![CDATA[Electronics]]>
              </value>
            </param>
            <param index="1">
              <value>
                <![CDATA[Samsung m10]]>
              </value>
            </param>
          </params>
          <reporter-output>
          </reporter-output>
        </test-method> <!-- test_001 -->
        <test-method signature="test_001(java.lang.String,java.lang.String)[pri:0, instance:com.qa.testscripts.Amazonsearch@1de76cc7]" started-at="2022-12-07T09:47:07 IST" name="test_001" data-provider="data" finished-at="2022-12-07T09:47:22 IST" duration-ms="15810" status="PASS">
          <params>
            <param index="0">
              <value>
                <![CDATA[Furniture]]>
              </value>
            </param>
            <param index="1">
              <value>
                <![CDATA[Chair]]>
              </value>
            </param>
          </params>
          <reporter-output>
          </reporter-output>
        </test-method> <!-- test_001 -->
        <test-method signature="test_001(java.lang.String,java.lang.String)[pri:0, instance:com.qa.testscripts.Amazonsearch@1de76cc7]" started-at="2022-12-07T09:47:22 IST" name="test_001" data-provider="data" finished-at="2022-12-07T09:47:40 IST" duration-ms="18082" status="PASS">
          <params>
            <param index="0">
              <value>
                <![CDATA[Movies & TV Shows]]>
              </value>
            </param>
            <param index="1">
              <value>
                <![CDATA[vadhandhi]]>
              </value>
            </param>
          </params>
          <reporter-output>
          </reporter-output>
        </test-method> <!-- test_001 -->
        <test-method signature="test_001(java.lang.String,java.lang.String)[pri:0, instance:com.qa.testscripts.Amazonsearch@1de76cc7]" started-at="2022-12-07T09:47:40 IST" name="test_001" data-provider="data" finished-at="2022-12-07T09:47:41 IST" duration-ms="586" status="FAIL">
          <params>
            <param index="0">
              <value>
                <![CDATA[Mens]]>
              </value>
            </param>
            <param index="1">
              <value>
                <![CDATA[Sports shoes]]>
              </value>
            </param>
          </params>
          <exception class="org.openqa.selenium.NoSuchElementException">
            <message>
              <![CDATA[Cannot locate element with text: Mens
For documentation on this error, please visit: https://www.seleniumhq.org/exceptions/no_such_element.html
Build info: version: '3.141.59', revision: 'e82be7d358', time: '2018-11-14T08:17:03'
System info: host: 'DESKTOP-B8R4OMO', ip: '192.168.80.1', os.name: 'Windows 10', os.arch: 'amd64', os.version: '10.0', java.version: '18.0.1'
Driver info: driver.version: unknown]]>
            </message>
            <full-stacktrace>
              <![CDATA[org.openqa.selenium.NoSuchElementException: Cannot locate element with text: Mens
For documentation on this error, please visit: https://www.seleniumhq.org/exceptions/no_such_element.html
Build info: version: '3.141.59', revision: 'e82be7d358', time: '2018-11-14T08:17:03'
System info: host: 'DESKTOP-B8R4OMO', ip: '192.168.80.1', os.name: 'Windows 10', os.arch: 'amd64', os.version: '10.0', java.version: '18.0.1'
Driver info: driver.version: unknown
at org.openqa.selenium.support.ui.Select.selectByVisibleText(Select.java:147)
at com.qa.testscripts.Amazonsearch.test_001(Amazonsearch.java:44)
at java.base/jdk.internal.reflect.DirectMethodHandleAccessor.invoke(DirectMethodHandleAccessor.java:104)
at java.base/java.lang.reflect.Method.invoke(Method.java:577)
at org.testng.internal.MethodInvocationHelper.invokeMethod(MethodInvocationHelper.java:133)
at org.testng.internal.TestInvoker.invokeMethod(TestInvoker.java:598)
at org.testng.internal.TestInvoker.invokeTestMethod(TestInvoker.java:173)
at org.testng.internal.MethodRunner.runInSequence(MethodRunner.java:46)
at org.testng.internal.TestInvoker$MethodInvocationAgent.invoke(TestInvoker.java:824)
at org.testng.internal.TestInvoker.invokeTestMethods(TestInvoker.java:146)
at org.testng.internal.TestMethodWorker.invokeTestMethods(TestMethodWorker.java:146)
at org.testng.internal.TestMethodWorker.run(TestMethodWorker.java:128)
at java.base/java.util.concurrent.ThreadPoolExecutor.runWorker(ThreadPoolExecutor.java:1136)
at java.base/java.util.concurrent.ThreadPoolExecutor$Worker.run(ThreadPoolExecutor.java:635)
at java.base/java.lang.Thread.run(Thread.java:833)
]]>
            </full-stacktrace>
          </exception> <!-- org.openqa.selenium.NoSuchElementException -->
          <reporter-output>
          </reporter-output>
        </test-method> <!-- test_001 -->
        <test-method is-config="true" signature="tearDown()[pri:0, instance:com.qa.testscripts.Amazonsearch@1de76cc7]" started-at="2022-12-07T09:47:41 IST" name="tearDown" finished-at="2022-12-07T09:47:41 IST" duration-ms="251" status="PASS">
          <reporter-output>
          </reporter-output>
        </test-method> <!-- tearDown -->
      </class> <!-- com.qa.testscripts.Amazonsearch -->
    </test> <!-- Test Chrome -->
    <test started-at="2022-12-07T09:47:41 IST" name="Test edge" finished-at="2022-12-07T09:49:52 IST" duration-ms="131008">
      <class name="com.qa.testscripts.Amazonsearch">
        <test-method is-config="true" signature="setup(java.lang.String,java.lang.String)[pri:0, instance:com.qa.testscripts.Amazonsearch@29215f06]" started-at="2022-12-07T09:47:41 IST" name="setup" finished-at="2022-12-07T09:48:51 IST" duration-ms="69932" status="PASS">
          <params>
            <param index="0">
              <value>
                <![CDATA[edge]]>
              </value>
            </param>
            <param index="1">
              <value>
                <![CDATA[http://www.amazon.in/]]>
              </value>
            </param>
          </params>
          <reporter-output>
          </reporter-output>
        </test-method> <!-- setup -->
        <test-method signature="test_001(java.lang.String,java.lang.String)[pri:0, instance:com.qa.testscripts.Amazonsearch@29215f06]" started-at="2022-12-07T09:48:52 IST" name="test_001" data-provider="data" finished-at="2022-12-07T09:48:58 IST" duration-ms="6288" status="PASS">
          <params>
            <param index="0">
              <value>
                <![CDATA[Books]]>
              </value>
            </param>
            <param index="1">
              <value>
                <![CDATA[Da vinci code]]>
              </value>
            </param>
          </params>
          <reporter-output>
          </reporter-output>
        </test-method> <!-- test_001 -->
        <test-method signature="test_001(java.lang.String,java.lang.String)[pri:0, instance:com.qa.testscripts.Amazonsearch@29215f06]" started-at="2022-12-07T09:48:58 IST" name="test_001" data-provider="data" finished-at="2022-12-07T09:49:05 IST" duration-ms="6662" status="PASS">
          <params>
            <param index="0">
              <value>
                <![CDATA[Electronics]]>
              </value>
            </param>
            <param index="1">
              <value>
                <![CDATA[Samsung m10]]>
              </value>
            </param>
          </params>
          <reporter-output>
          </reporter-output>
        </test-method> <!-- test_001 -->
        <test-method signature="test_001(java.lang.String,java.lang.String)[pri:0, instance:com.qa.testscripts.Amazonsearch@29215f06]" started-at="2022-12-07T09:49:05 IST" name="test_001" data-provider="data" finished-at="2022-12-07T09:49:43 IST" duration-ms="37916" status="PASS">
          <params>
            <param index="0">
              <value>
                <![CDATA[Furniture]]>
              </value>
            </param>
            <param index="1">
              <value>
                <![CDATA[Chair]]>
              </value>
            </param>
          </params>
          <reporter-output>
          </reporter-output>
        </test-method> <!-- test_001 -->
        <test-method signature="test_001(java.lang.String,java.lang.String)[pri:0, instance:com.qa.testscripts.Amazonsearch@29215f06]" started-at="2022-12-07T09:49:43 IST" name="test_001" data-provider="data" finished-at="2022-12-07T09:49:52 IST" duration-ms="8500" status="PASS">
          <params>
            <param index="0">
              <value>
                <![CDATA[Movies & TV Shows]]>
              </value>
            </param>
            <param index="1">
              <value>
                <![CDATA[vadhandhi]]>
              </value>
            </param>
          </params>
          <reporter-output>
          </reporter-output>
        </test-method> <!-- test_001 -->
        <test-method signature="test_001(java.lang.String,java.lang.String)[pri:0, instance:com.qa.testscripts.Amazonsearch@29215f06]" started-at="2022-12-07T09:49:52 IST" name="test_001" data-provider="data" finished-at="2022-12-07T09:49:52 IST" duration-ms="547" status="FAIL">
          <params>
            <param index="0">
              <value>
                <![CDATA[Mens]]>
              </value>
            </param>
            <param index="1">
              <value>
                <![CDATA[Sports shoes]]>
              </value>
            </param>
          </params>
          <exception class="org.openqa.selenium.NoSuchElementException">
            <message>
              <![CDATA[Cannot locate element with text: Mens
For documentation on this error, please visit: https://www.seleniumhq.org/exceptions/no_such_element.html
Build info: version: '3.141.59', revision: 'e82be7d358', time: '2018-11-14T08:17:03'
System info: host: 'DESKTOP-B8R4OMO', ip: '192.168.80.1', os.name: 'Windows 10', os.arch: 'amd64', os.version: '10.0', java.version: '18.0.1'
Driver info: driver.version: unknown]]>
            </message>
            <full-stacktrace>
              <![CDATA[org.openqa.selenium.NoSuchElementException: Cannot locate element with text: Mens
For documentation on this error, please visit: https://www.seleniumhq.org/exceptions/no_such_element.html
Build info: version: '3.141.59', revision: 'e82be7d358', time: '2018-11-14T08:17:03'
System info: host: 'DESKTOP-B8R4OMO', ip: '192.168.80.1', os.name: 'Windows 10', os.arch: 'amd64', os.version: '10.0', java.version: '18.0.1'
Driver info: driver.version: unknown
at org.openqa.selenium.support.ui.Select.selectByVisibleText(Select.java:147)
at com.qa.testscripts.Amazonsearch.test_001(Amazonsearch.java:44)
at java.base/jdk.internal.reflect.DirectMethodHandleAccessor.invoke(DirectMethodHandleAccessor.java:104)
at java.base/java.lang.reflect.Method.invoke(Method.java:577)
at org.testng.internal.MethodInvocationHelper.invokeMethod(MethodInvocationHelper.java:133)
at org.testng.internal.TestInvoker.invokeMethod(TestInvoker.java:598)
at org.testng.internal.TestInvoker.invokeTestMethod(TestInvoker.java:173)
at org.testng.internal.MethodRunner.runInSequence(MethodRunner.java:46)
at org.testng.internal.TestInvoker$MethodInvocationAgent.invoke(TestInvoker.java:824)
at org.testng.internal.TestInvoker.invokeTestMethods(TestInvoker.java:146)
at org.testng.internal.TestMethodWorker.invokeTestMethods(TestMethodWorker.java:146)
at org.testng.internal.TestMethodWorker.run(TestMethodWorker.java:128)
at java.base/java.util.concurrent.ThreadPoolExecutor.runWorker(ThreadPoolExecutor.java:1136)
at java.base/java.util.concurrent.ThreadPoolExecutor$Worker.run(ThreadPoolExecutor.java:635)
at java.base/java.lang.Thread.run(Thread.java:833)
]]>
            </full-stacktrace>
          </exception> <!-- org.openqa.selenium.NoSuchElementException -->
          <reporter-output>
          </reporter-output>
        </test-method> <!-- test_001 -->
        <test-method is-config="true" signature="tearDown()[pri:0, instance:com.qa.testscripts.Amazonsearch@29215f06]" started-at="2022-12-07T09:49:52 IST" name="tearDown" finished-at="2022-12-07T09:49:52 IST" duration-ms="367" status="PASS">
          <reporter-output>
          </reporter-output>
        </test-method> <!-- tearDown -->
      </class> <!-- com.qa.testscripts.Amazonsearch -->
    </test> <!-- Test edge -->
  </suite> <!-- Suite -->
</testng-results>
